#! /c/Source/iverilog-install/bin/vvp
:ivl_version "12.0 (devel)" "(s20150603-1110-g18392a46)";
:ivl_delay_selection "TYPICAL";
:vpi_time_precision - 12;
:vpi_module "c:\iverilog\lib\ivl\system.vpi";
:vpi_module "c:\iverilog\lib\ivl\vhdl_sys.vpi";
:vpi_module "c:\iverilog\lib\ivl\vhdl_textio.vpi";
:vpi_module "c:\iverilog\lib\ivl\v2005_math.vpi";
:vpi_module "c:\iverilog\lib\ivl\va_math.vpi";
S_0000021fefad2740 .scope module, "sig_control" "sig_control" 2 21;
 .timescale -9 -12;
    .port_info 0 /OUTPUT 2 "hwy";
    .port_info 1 /OUTPUT 2 "cntry";
    .port_info 2 /INPUT 1 "X";
    .port_info 3 /INPUT 1 "clock";
    .port_info 4 /INPUT 1 "clear";
o0000021fefb0bfb8 .functor BUFZ 1, C4<z>; HiZ drive
v0000021fefad28d0_0 .net "X", 0 0, o0000021fefb0bfb8;  0 drivers
o0000021fefb0bfe8 .functor BUFZ 1, C4<z>; HiZ drive
v0000021fefad2970_0 .net "clear", 0 0, o0000021fefb0bfe8;  0 drivers
o0000021fefb0c018 .functor BUFZ 1, C4<z>; HiZ drive
v0000021fefad2a10_0 .net "clock", 0 0, o0000021fefb0c018;  0 drivers
v0000021fefad2ab0_0 .var "cntry", 1 0;
v0000021fefad2b50_0 .var "counter", 3 0;
v0000021fefbcb8e0_0 .var "hwy", 1 0;
v0000021fefbcb980_0 .var "next_state", 2 0;
v0000021fefbcba20_0 .var "state", 2 0;
E_0000021fefaf4c20 .event posedge, v0000021fefad2a10_0;
E_0000021fefaf4e20 .event anyedge, v0000021fefbcba20_0;
    .scope S_0000021fefad2740;
T_0 ;
    %pushi/vec4 0, 0, 3;
    %store/vec4 v0000021fefbcba20_0, 0, 3;
    %pushi/vec4 0, 0, 3;
    %store/vec4 v0000021fefbcb980_0, 0, 3;
    %pushi/vec4 2, 0, 2;
    %store/vec4 v0000021fefbcb8e0_0, 0, 2;
    %pushi/vec4 0, 0, 2;
    %store/vec4 v0000021fefad2ab0_0, 0, 2;
    %pushi/vec4 0, 0, 4;
    %store/vec4 v0000021fefad2b50_0, 0, 4;
    %end;
    .thread T_0;
    .scope S_0000021fefad2740;
T_1 ;
    %wait E_0000021fefaf4c20;
    %load/vec4 v0000021fefad2970_0;
    %flag_set/vec4 8;
    %jmp/0xz  T_1.0, 8;
    %pushi/vec4 0, 0, 3;
    %assign/vec4 v0000021fefbcba20_0, 0;
    %pushi/vec4 0, 0, 4;
    %assign/vec4 v0000021fefad2b50_0, 0;
    %jmp T_1.1;
T_1.0 ;
    %load/vec4 v0000021fefbcb980_0;
    %assign/vec4 v0000021fefbcba20_0, 0;
    %load/vec4 v0000021fefad2b50_0;
    %pad/u 32;
    %cmpi/u 0, 0, 32;
    %flag_or 5, 4; GT is !LE
    %flag_inv 5;
    %jmp/0xz  T_1.2, 5;
    %load/vec4 v0000021fefad2b50_0;
    %subi 1, 0, 4;
    %assign/vec4 v0000021fefad2b50_0, 0;
T_1.2 ;
T_1.1 ;
    %jmp T_1;
    .thread T_1;
    .scope S_0000021fefad2740;
T_2 ;
    %wait E_0000021fefaf4e20;
    %load/vec4 v0000021fefbcba20_0;
    %dup/vec4;
    %pushi/vec4 0, 0, 3;
    %cmp/u;
    %jmp/1 T_2.0, 6;
    %dup/vec4;
    %pushi/vec4 1, 0, 3;
    %cmp/u;
    %jmp/1 T_2.1, 6;
    %dup/vec4;
    %pushi/vec4 2, 0, 3;
    %cmp/u;
    %jmp/1 T_2.2, 6;
    %dup/vec4;
    %pushi/vec4 3, 0, 3;
    %cmp/u;
    %jmp/1 T_2.3, 6;
    %dup/vec4;
    %pushi/vec4 4, 0, 3;
    %cmp/u;
    %jmp/1 T_2.4, 6;
    %pushi/vec4 0, 0, 2;
    %store/vec4 v0000021fefbcb8e0_0, 0, 2;
    %pushi/vec4 0, 0, 2;
    %store/vec4 v0000021fefad2ab0_0, 0, 2;
    %pushi/vec4 0, 0, 4;
    %store/vec4 v0000021fefad2b50_0, 0, 4;
    %jmp T_2.6;
T_2.0 ;
    %pushi/vec4 2, 0, 2;
    %store/vec4 v0000021fefbcb8e0_0, 0, 2;
    %pushi/vec4 0, 0, 2;
    %store/vec4 v0000021fefad2ab0_0, 0, 2;
    %pushi/vec4 3, 0, 4;
    %store/vec4 v0000021fefad2b50_0, 0, 4;
    %jmp T_2.6;
T_2.1 ;
    %pushi/vec4 1, 0, 2;
    %store/vec4 v0000021fefbcb8e0_0, 0, 2;
    %pushi/vec4 0, 0, 2;
    %store/vec4 v0000021fefad2ab0_0, 0, 2;
    %pushi/vec4 3, 0, 4;
    %store/vec4 v0000021fefad2b50_0, 0, 4;
    %jmp T_2.6;
T_2.2 ;
    %pushi/vec4 0, 0, 2;
    %store/vec4 v0000021fefbcb8e0_0, 0, 2;
    %pushi/vec4 0, 0, 2;
    %store/vec4 v0000021fefad2ab0_0, 0, 2;
    %pushi/vec4 2, 0, 4;
    %store/vec4 v0000021fefad2b50_0, 0, 4;
    %jmp T_2.6;
T_2.3 ;
    %pushi/vec4 0, 0, 2;
    %store/vec4 v0000021fefbcb8e0_0, 0, 2;
    %pushi/vec4 2, 0, 2;
    %store/vec4 v0000021fefad2ab0_0, 0, 2;
    %pushi/vec4 0, 0, 4;
    %store/vec4 v0000021fefad2b50_0, 0, 4;
    %jmp T_2.6;
T_2.4 ;
    %pushi/vec4 0, 0, 2;
    %store/vec4 v0000021fefbcb8e0_0, 0, 2;
    %pushi/vec4 1, 0, 2;
    %store/vec4 v0000021fefad2ab0_0, 0, 2;
    %pushi/vec4 3, 0, 4;
    %store/vec4 v0000021fefad2b50_0, 0, 4;
    %jmp T_2.6;
T_2.6 ;
    %pop/vec4 1;
    %jmp T_2;
    .thread T_2, $push;
    .scope S_0000021fefad2740;
T_3 ;
    %wait E_0000021fefaf4c20;
    %load/vec4 v0000021fefad2970_0;
    %flag_set/vec4 8;
    %jmp/0xz  T_3.0, 8;
    %pushi/vec4 0, 0, 3;
    %assign/vec4 v0000021fefbcb980_0, 0;
    %jmp T_3.1;
T_3.0 ;
    %load/vec4 v0000021fefad2b50_0;
    %pad/u 32;
    %cmpi/e 0, 0, 32;
    %jmp/0xz  T_3.2, 4;
    %load/vec4 v0000021fefbcba20_0;
    %dup/vec4;
    %pushi/vec4 0, 0, 3;
    %cmp/u;
    %jmp/1 T_3.4, 6;
    %dup/vec4;
    %pushi/vec4 1, 0, 3;
    %cmp/u;
    %jmp/1 T_3.5, 6;
    %dup/vec4;
    %pushi/vec4 2, 0, 3;
    %cmp/u;
    %jmp/1 T_3.6, 6;
    %dup/vec4;
    %pushi/vec4 3, 0, 3;
    %cmp/u;
    %jmp/1 T_3.7, 6;
    %dup/vec4;
    %pushi/vec4 4, 0, 3;
    %cmp/u;
    %jmp/1 T_3.8, 6;
    %pushi/vec4 0, 0, 3;
    %assign/vec4 v0000021fefbcb980_0, 0;
    %jmp T_3.10;
T_3.4 ;
    %load/vec4 v0000021fefad28d0_0;
    %flag_set/vec4 8;
    %jmp/0 T_3.11, 8;
    %pushi/vec4 1, 0, 3;
    %jmp/1 T_3.12, 8;
T_3.11 ; End of true expr.
    %pushi/vec4 0, 0, 3;
    %jmp/0 T_3.12, 8;
 ; End of false expr.
    %blend;
T_3.12;
    %assign/vec4 v0000021fefbcb980_0, 0;
    %jmp T_3.10;
T_3.5 ;
    %pushi/vec4 2, 0, 3;
    %assign/vec4 v0000021fefbcb980_0, 0;
    %jmp T_3.10;
T_3.6 ;
    %pushi/vec4 3, 0, 3;
    %assign/vec4 v0000021fefbcb980_0, 0;
    %jmp T_3.10;
T_3.7 ;
    %load/vec4 v0000021fefad28d0_0;
    %flag_set/vec4 8;
    %jmp/0 T_3.13, 8;
    %pushi/vec4 3, 0, 3;
    %jmp/1 T_3.14, 8;
T_3.13 ; End of true expr.
    %pushi/vec4 4, 0, 3;
    %jmp/0 T_3.14, 8;
 ; End of false expr.
    %blend;
T_3.14;
    %assign/vec4 v0000021fefbcb980_0, 0;
    %jmp T_3.10;
T_3.8 ;
    %pushi/vec4 0, 0, 3;
    %assign/vec4 v0000021fefbcb980_0, 0;
    %jmp T_3.10;
T_3.10 ;
    %pop/vec4 1;
T_3.2 ;
T_3.1 ;
    %jmp T_3;
    .thread T_3;
# The file index is used to find the file name in the following table.
:file_names 3;
    "N/A";
    "<interactive>";
    "TrafficSignalControl.v";
